# JRE version: Java(TM) SE Runtime Environment (8.0_74-b02) (build 1.8.0_74-b02)
# Java VM: Java HotSpot(TM) 64-Bit Server VM (25.74-b02 mixed mode bsd-amd64 compressed oops)
Heap:
 PSYoungGen      total 65024K, used 58864K [0x000000076ab00000, 0x000000076f600000, 0x00000007c0000000)
  eden space 56320K, 96% used [0x000000076ab00000,0x000000076e01a338,0x000000076e200000)
  from space 8704K, 51% used [0x000000076ed80000,0x000000076f1e2020,0x000000076f600000)
  to   space 10240K, 0% used [0x000000076e200000,0x000000076e200000,0x000000076ec00000)
 ParOldGen       total 155136K, used 78377K [0x00000006c0000000, 0x00000006c9780000, 0x000000076ab00000)
  object space 155136K, 50% used [0x00000006c0000000,0x00000006c4c8a458,0x00000006c9780000)
 Metaspace       used 21605K, capacity 22754K, committed 23040K, reserved 1069056K
  class space    used 2984K, capacity 3257K, committed 3328K, reserved 1048576K
GC Heap History (10 events):
Event: 66.551 GC heap before
{Heap before GC invocations=9 (full 1):
 PSYoungGen      total 66048K, used 65832K [0x000000076ab00000, 0x000000076fe00000, 0x00000007c0000000)
  eden space 61440K, 100% used [0x000000076ab00000,0x000000076e700000,0x000000076e700000)
  from space 4608K, 95% used [0x000000076e800000,0x000000076ec4a020,0x000000076ec80000)
  to   space 11776K, 0% used [0x000000076f280000,0x000000076f280000,0x000000076fe00000)
 ParOldGen       total 155136K, used 78353K [0x00000006c0000000, 0x00000006c9780000, 0x000000076ab00000)
  object space 155136K, 50% used [0x00000006c0000000,0x00000006c4c84458,0x00000006c9780000)
 Metaspace       used 21447K, capacity 22576K, committed 22784K, reserved 1069056K
  class space    used 2980K, capacity 3220K, committed 3328K, reserved 1048576K
Event: 66.553 GC heap after
Heap after GC invocations=9 (full 1):
 PSYoungGen      total 71168K, used 4392K [0x000000076ab00000, 0x000000076fd00000, 0x00000007c0000000)
  eden space 60416K, 0% used [0x000000076ab00000,0x000000076ab00000,0x000000076e600000)
  from space 10752K, 40% used [0x000000076f280000,0x000000076f6ca020,0x000000076fd00000)
  to   space 11776K, 0% used [0x000000076e600000,0x000000076e600000,0x000000076f180000)
 ParOldGen       total 155136K, used 78353K [0x00000006c0000000, 0x00000006c9780000, 0x000000076ab00000)
  object space 155136K, 50% used [0x00000006c0000000,0x00000006c4c84458,0x00000006c9780000)
 Metaspace       used 21447K, capacity 22576K, committed 22784K, reserved 1069056K
  class space    used 2980K, capacity 3220K, committed 3328K, reserved 1048576K
}
Event: 71.120 GC heap before
{Heap before GC invocations=10 (full 1):
 PSYoungGen      total 71168K, used 64808K [0x000000076ab00000, 0x000000076fd00000, 0x00000007c0000000)
  eden space 60416K, 100% used [0x000000076ab00000,0x000000076e600000,0x000000076e600000)
  from space 10752K, 40% used [0x000000076f280000,0x000000076f6ca020,0x000000076fd00000)
  to   space 11776K, 0% used [0x000000076e600000,0x000000076e600000,0x000000076f180000)
 ParOldGen       total 155136K, used 78353K [0x00000006c0000000, 0x00000006c9780000, 0x000000076ab00000)
  object space 155136K, 50% used [0x00000006c0000000,0x00000006c4c84458,0x00000006c9780000)
 Metaspace       used 21453K, capacity 22576K, committed 22784K, reserved 1069056K
  class space    used 2980K, capacity 3220K, committed 3328K, reserved 1048576K
Event: 71.122 GC heap after
Heap after GC invocations=10 (full 1):
 PSYoungGen      total 64000K, used 4328K [0x000000076ab00000, 0x000000076fb00000, 0x00000007c0000000)
  eden space 59392K, 0% used [0x000000076ab00000,0x000000076ab00000,0x000000076e500000)
  from space 4608K, 93% used [0x000000076e600000,0x000000076ea3a020,0x000000076ea80000)
  to   space 11264K, 0% used [0x000000076f000000,0x000000076f000000,0x000000076fb00000)
 ParOldGen       total 155136K, used 78361K [0x00000006c0000000, 0x00000006c9780000, 0x000000076ab00000)
  object space 155136K, 50% used [0x00000006c0000000,0x00000006c4c86458,0x00000006c9780000)
 Metaspace       used 21453K, capacity 22576K, committed 22784K, reserved 1069056K
  class space    used 2980K, capacity 3220K, committed 3328K, reserved 1048576K
}
Event: 76.795 GC heap before
{Heap before GC invocations=11 (full 1):
 PSYoungGen      total 64000K, used 63720K [0x000000076ab00000, 0x000000076fb00000, 0x00000007c0000000)
  eden space 59392K, 100% used [0x000000076ab00000,0x000000076e500000,0x000000076e500000)
  from space 4608K, 93% used [0x000000076e600000,0x000000076ea3a020,0x000000076ea80000)
  to   space 11264K, 0% used [0x000000076f000000,0x000000076f000000,0x000000076fb00000)
 ParOldGen       total 155136K, used 78361K [0x00000006c0000000, 0x00000006c9780000, 0x000000076ab00000)
  object space 155136K, 50% used [0x00000006c0000000,0x00000006c4c86458,0x00000006c9780000)
 Metaspace       used 21472K, capacity 22576K, committed 22784K, reserved 1069056K
  class space    used 2980K, capacity 3220K, committed 3328K, reserved 1048576K
Event: 76.797 GC heap after
Heap after GC invocations=11 (full 1):
 PSYoungGen      total 67584K, used 4424K [0x000000076ab00000, 0x000000076f900000, 0x00000007c0000000)
  eden space 58368K, 0% used [0x000000076ab00000,0x000000076ab00000,0x000000076e400000)
  from space 9216K, 48% used [0x000000076f000000,0x000000076f452020,0x000000076f900000)
  to   space 10752K, 0% used [0x000000076e400000,0x000000076e400000,0x000000076ee80000)
 ParOldGen       total 155136K, used 78361K [0x00000006c0000000, 0x00000006c9780000, 0x000000076ab00000)
  object space 155136K, 50% used [0x00000006c0000000,0x00000006c4c86458,0x00000006c9780000)
 Metaspace       used 21472K, capacity 22576K, committed 22784K, reserved 1069056K
  class space    used 2980K, capacity 3220K, committed 3328K, reserved 1048576K
}
Event: 85.803 GC heap before
{Heap before GC invocations=12 (full 1):
 PSYoungGen      total 67584K, used 62792K [0x000000076ab00000, 0x000000076f900000, 0x00000007c0000000)
  eden space 58368K, 100% used [0x000000076ab00000,0x000000076e400000,0x000000076e400000)
  from space 9216K, 48% used [0x000000076f000000,0x000000076f452020,0x000000076f900000)
  to   space 10752K, 0% used [0x000000076e400000,0x000000076e400000,0x000000076ee80000)
 ParOldGen       total 155136K, used 78361K [0x00000006c0000000, 0x00000006c9780000, 0x000000076ab00000)
  object space 155136K, 50% used [0x00000006c0000000,0x00000006c4c86458,0x00000006c9780000)
 Metaspace       used 21527K, capacity 22640K, committed 22784K, reserved 1069056K
  class space    used 2980K, capacity 3220K, committed 3328K, reserved 1048576K
Event: 85.806 GC heap after
Heap after GC invocations=12 (full 1):
 PSYoungGen      total 61952K, used 4424K [0x000000076ab00000, 0x000000076f800000, 0x00000007c0000000)
  eden space 57344K, 0% used [0x000000076ab00000,0x000000076ab00000,0x000000076e300000)
  from space 4608K, 96% used [0x000000076e400000,0x000000076e852020,0x000000076e880000)
  to   space 10752K, 0% used [0x000000076ed80000,0x000000076ed80000,0x000000076f800000)
 ParOldGen       total 155136K, used 78369K [0x00000006c0000000, 0x00000006c9780000, 0x000000076ab00000)
  object space 155136K, 50% used [0x00000006c0000000,0x00000006c4c88458,0x00000006c9780000)
 Metaspace       used 21527K, capacity 22640K, committed 22784K, reserved 1069056K
  class space    used 2980K, capacity 3220K, committed 3328K, reserved 1048576K
}
Event: 92.899 GC heap before
{Heap before GC invocations=13 (full 1):
 PSYoungGen      total 61952K, used 61768K [0x000000076ab00000, 0x000000076f800000, 0x00000007c0000000)
  eden space 57344K, 100% used [0x000000076ab00000,0x000000076e300000,0x000000076e300000)
  from space 4608K, 96% used [0x000000076e400000,0x000000076e852020,0x000000076e880000)
  to   space 10752K, 0% used [0x000000076ed80000,0x000000076ed80000,0x000000076f800000)
 ParOldGen       total 155136K, used 78369K [0x00000006c0000000, 0x00000006c9780000, 0x000000076ab00000)
  object space 155136K, 50% used [0x00000006c0000000,0x00000006c4c88458,0x00000006c9780000)
 Metaspace       used 21585K, capacity 22704K, committed 23040K, reserved 1069056K
  class space    used 2980K, capacity 3220K, committed 3328K, reserved 1048576K
Event: 92.901 GC heap after
Heap after GC invocations=13 (full 1):
 PSYoungGen      total 65024K, used 4488K [0x000000076ab00000, 0x000000076f600000, 0x00000007c0000000)
  eden space 56320K, 0% used [0x000000076ab00000,0x000000076ab00000,0x000000076e200000)
  from space 8704K, 51% used [0x000000076ed80000,0x000000076f1e2020,0x000000076f600000)
  to   space 10240K, 0% used [0x000000076e200000,0x000000076e200000,0x000000076ec00000)
 ParOldGen       total 155136K, used 78377K [0x00000006c0000000, 0x00000006c9780000, 0x000000076ab00000)
  object space 155136K, 50% used [0x00000006c0000000,0x00000006c4c8a458,0x00000006c9780000)
 Metaspace       used 21585K, capacity 22704K, committed 23040K, reserved 1069056K
  class space    used 2980K, capacity 3220K, committed 3328K, reserved 1048576K
}

